[ 2017-01-13T11:08:00+08:00 ] 127.0.0.1 127.0.0.1 GET /
[ log ] tp5/ [运行时间：0.171720s][吞吐率：5.82req/s] [内存消耗：910.98kb] [文件加载：25]
[ info ] [ LANG ] H:\geren\tp5\thinkphp\lang\zh-cn.php
[ info ] [ ROUTE ] array (
  'type' => 'module',
  'module' => 
  array (
    0 => '',
    1 => NULL,
    2 => NULL,
  ),
)
[ info ] [ HEADER ] array (
  'host' => 'tp5',
  'user-agent' => 'Mozilla/5.0 (Windows NT 10.0; WOW64; rv:50.0) Gecko/20100101 Firefox/50.0',
  'accept' => 'text/html,application/xhtml+xml,application/xml;q=0.9,*/*;q=0.8',
  'accept-language' => 'zh-CN,zh;q=0.8,en-US;q=0.5,en;q=0.3',
  'accept-encoding' => 'gzip, deflate',
  'cookie' => 'pgv_pvi=8179393536',
  'connection' => 'keep-alive',
  'upgrade-insecure-requests' => '1',
)
[ info ] [ PARAM ] array (
)
[ info ] [ RUN ] app\index\controller\Index->index[ H:\geren\tp5\application\index\controller\Index.php ]
[ info ] [ LOG ] INIT File

---------------------------------------------------------------
[ 2017-01-13T11:08:05+08:00 ] 127.0.0.1 127.0.0.1 GET /admin
[ log ] tp5/admin [运行时间：0.036300s][吞吐率：27.55req/s] [内存消耗：913.73kb] [文件加载：25]
[ info ] [ LANG ] H:\geren\tp5\thinkphp\lang\zh-cn.php
[ info ] [ ROUTE ] array (
  'type' => 'module',
  'module' => 
  array (
    0 => 'admin',
    1 => NULL,
    2 => NULL,
  ),
)
[ info ] [ HEADER ] array (
  'host' => 'tp5',
  'user-agent' => 'Mozilla/5.0 (Windows NT 10.0; WOW64; rv:50.0) Gecko/20100101 Firefox/50.0',
  'accept' => 'text/html,application/xhtml+xml,application/xml;q=0.9,*/*;q=0.8',
  'accept-language' => 'zh-CN,zh;q=0.8,en-US;q=0.5,en;q=0.3',
  'accept-encoding' => 'gzip, deflate',
  'cookie' => 'pgv_pvi=8179393536',
  'connection' => 'keep-alive',
  'upgrade-insecure-requests' => '1',
)
[ info ] [ PARAM ] array (
)
[ info ] [ RUN ] app\admin\controller\Index->index[ H:\geren\tp5\application\admin\controller\Index.php ]
[ info ] [ LOG ] INIT File

---------------------------------------------------------------
[ 2017-01-13T11:12:45+08:00 ] 127.0.0.1 127.0.0.1 GET /admin
[ log ] tp5/admin [运行时间：0.097023s][吞吐率：10.31req/s] [内存消耗：960.80kb] [文件加载：29]
[ info ] [ LANG ] H:\geren\tp5\thinkphp\lang\zh-cn.php
[ info ] [ ROUTE ] array (
  'type' => 'module',
  'module' => 
  array (
    0 => 'admin',
    1 => NULL,
    2 => NULL,
  ),
)
[ info ] [ HEADER ] array (
  'host' => 'tp5',
  'user-agent' => 'Mozilla/5.0 (Windows NT 10.0; WOW64; rv:50.0) Gecko/20100101 Firefox/50.0',
  'accept' => 'text/html,application/xhtml+xml,application/xml;q=0.9,*/*;q=0.8',
  'accept-language' => 'zh-CN,zh;q=0.8,en-US;q=0.5,en;q=0.3',
  'accept-encoding' => 'gzip, deflate',
  'cookie' => 'pgv_pvi=8179393536',
  'connection' => 'keep-alive',
  'upgrade-insecure-requests' => '1',
  'cache-control' => 'max-age=0',
)
[ info ] [ PARAM ] array (
)
[ info ] [ RUN ] app\admin\controller\Index->index[ H:\geren\tp5\application\admin\controller\Index.php ]
[ info ] [ LOG ] INIT File
[ error ] [1]Call to undefined method app\admin\controller\Index::fetch()[H:\geren\tp5\application\admin\controller\Index.php:8]

---------------------------------------------------------------
[ 2017-01-13T11:13:26+08:00 ] 127.0.0.1 127.0.0.1 GET /admin
[ log ] tp5/admin [运行时间：0.050643s][吞吐率：19.75req/s] [内存消耗：960.80kb] [文件加载：29]
[ info ] [ LANG ] H:\geren\tp5\thinkphp\lang\zh-cn.php
[ info ] [ ROUTE ] array (
  'type' => 'module',
  'module' => 
  array (
    0 => 'admin',
    1 => NULL,
    2 => NULL,
  ),
)
[ info ] [ HEADER ] array (
  'host' => 'tp5',
  'user-agent' => 'Mozilla/5.0 (Windows NT 10.0; WOW64; rv:50.0) Gecko/20100101 Firefox/50.0',
  'accept' => 'text/html,application/xhtml+xml,application/xml;q=0.9,*/*;q=0.8',
  'accept-language' => 'zh-CN,zh;q=0.8,en-US;q=0.5,en;q=0.3',
  'accept-encoding' => 'gzip, deflate',
  'cookie' => 'pgv_pvi=8179393536',
  'connection' => 'keep-alive',
  'upgrade-insecure-requests' => '1',
  'cache-control' => 'max-age=0',
)
[ info ] [ PARAM ] array (
)
[ info ] [ RUN ] app\admin\controller\Index->index[ H:\geren\tp5\application\admin\controller\Index.php ]
[ info ] [ LOG ] INIT File
[ error ] [1]Call to undefined method app\admin\controller\Index::fetch()[H:\geren\tp5\application\admin\controller\Index.php:8]

---------------------------------------------------------------
[ 2017-01-13T11:13:52+08:00 ] 127.0.0.1 127.0.0.1 GET /admin
[ log ] tp5/admin [运行时间：0.038342s][吞吐率：26.08req/s] [内存消耗：960.80kb] [文件加载：29]
[ info ] [ LANG ] H:\geren\tp5\thinkphp\lang\zh-cn.php
[ info ] [ ROUTE ] array (
  'type' => 'module',
  'module' => 
  array (
    0 => 'admin',
    1 => NULL,
    2 => NULL,
  ),
)
[ info ] [ HEADER ] array (
  'host' => 'tp5',
  'user-agent' => 'Mozilla/5.0 (Windows NT 10.0; WOW64; rv:50.0) Gecko/20100101 Firefox/50.0',
  'accept' => 'text/html,application/xhtml+xml,application/xml;q=0.9,*/*;q=0.8',
  'accept-language' => 'zh-CN,zh;q=0.8,en-US;q=0.5,en;q=0.3',
  'accept-encoding' => 'gzip, deflate',
  'cookie' => 'pgv_pvi=8179393536',
  'connection' => 'keep-alive',
  'upgrade-insecure-requests' => '1',
  'cache-control' => 'max-age=0',
)
[ info ] [ PARAM ] array (
)
[ info ] [ RUN ] app\admin\controller\Index->index[ H:\geren\tp5\application\admin\controller\Index.php ]
[ info ] [ LOG ] INIT File
[ error ] [1]Call to undefined method app\admin\controller\Index::fetch()[H:\geren\tp5\application\admin\controller\Index.php:8]

---------------------------------------------------------------
[ 2017-01-13T11:15:03+08:00 ] 127.0.0.1 127.0.0.1 GET /admin
[ log ] tp5/admin [运行时间：0.091066s][吞吐率：10.98req/s] [内存消耗：1,314.91kb] [文件加载：34]
[ info ] [ LANG ] H:\geren\tp5\thinkphp\lang\zh-cn.php
[ info ] [ ROUTE ] array (
  'type' => 'module',
  'module' => 
  array (
    0 => 'admin',
    1 => NULL,
    2 => NULL,
  ),
)
[ info ] [ HEADER ] array (
  'host' => 'tp5',
  'user-agent' => 'Mozilla/5.0 (Windows NT 10.0; WOW64; rv:50.0) Gecko/20100101 Firefox/50.0',
  'accept' => 'text/html,application/xhtml+xml,application/xml;q=0.9,*/*;q=0.8',
  'accept-language' => 'zh-CN,zh;q=0.8,en-US;q=0.5,en;q=0.3',
  'accept-encoding' => 'gzip, deflate',
  'cookie' => 'pgv_pvi=8179393536',
  'connection' => 'keep-alive',
  'upgrade-insecure-requests' => '1',
  'cache-control' => 'max-age=0',
)
[ info ] [ PARAM ] array (
)
[ info ] [ RUN ] app\admin\controller\Index->index[ H:\geren\tp5\application\admin\controller\Index.php ]
[ info ] [ VIEW ] H:\geren\tp5\public/../application/admin\view\index\index.html [ array (
) ]
[ info ] [ LOG ] INIT File

---------------------------------------------------------------
[ 2017-01-13T11:27:10+08:00 ] 127.0.0.1 127.0.0.1 GET /admin
[ log ] tp5/admin [运行时间：0.092661s][吞吐率：10.79req/s] [内存消耗：1,363.92kb] [文件加载：38]
[ info ] [ LANG ] H:\geren\tp5\thinkphp\lang\zh-cn.php
[ info ] [ ROUTE ] array (
  'type' => 'module',
  'module' => 
  array (
    0 => 'admin',
    1 => NULL,
    2 => NULL,
  ),
)
[ info ] [ HEADER ] array (
  'host' => 'tp5',
  'user-agent' => 'Mozilla/5.0 (Windows NT 10.0; WOW64; rv:50.0) Gecko/20100101 Firefox/50.0',
  'accept' => 'text/html,application/xhtml+xml,application/xml;q=0.9,*/*;q=0.8',
  'accept-language' => 'zh-CN,zh;q=0.8,en-US;q=0.5,en;q=0.3',
  'accept-encoding' => 'gzip, deflate',
  'cookie' => 'pgv_pvi=8179393536',
  'connection' => 'keep-alive',
  'upgrade-insecure-requests' => '1',
  'cache-control' => 'max-age=0',
)
[ info ] [ PARAM ] array (
)
[ info ] [ RUN ] app\admin\controller\Index->index[ H:\geren\tp5\application\admin\controller\Index.php ]
[ info ] [ VIEW ] H:\geren\tp5\public/../application/admin\view\index\index.html [ array (
) ]
[ info ] [ LOG ] INIT File
[ error ] [1]Call to undefined function captcha_img()[H:\geren\tp5\runtime\temp\997e867f9a56baba3a68623d1076151d.php:9]

---------------------------------------------------------------
[ 2017-01-13T11:35:48+08:00 ] 127.0.0.1 127.0.0.1 GET /admin
[ log ] tp5/admin [运行时间：0.067130s][吞吐率：14.90req/s] [内存消耗：1,226.98kb] [文件加载：36]
[ info ] [ LANG ] H:\geren\tp5\thinkphp\lang\zh-cn.php
[ info ] [ ROUTE ] array (
  'type' => 'module',
  'module' => 
  array (
    0 => 'admin',
    1 => NULL,
    2 => NULL,
  ),
)
[ info ] [ HEADER ] array (
  'host' => 'tp5',
  'user-agent' => 'Mozilla/5.0 (Windows NT 10.0; WOW64; rv:50.0) Gecko/20100101 Firefox/50.0',
  'accept' => 'text/html,application/xhtml+xml,application/xml;q=0.9,*/*;q=0.8',
  'accept-language' => 'zh-CN,zh;q=0.8,en-US;q=0.5,en;q=0.3',
  'accept-encoding' => 'gzip, deflate',
  'cookie' => 'pgv_pvi=8179393536',
  'connection' => 'keep-alive',
  'upgrade-insecure-requests' => '1',
  'cache-control' => 'max-age=0',
)
[ info ] [ PARAM ] array (
)
[ info ] [ RUN ] app\admin\controller\Index->index[ H:\geren\tp5\application\admin\controller\Index.php ]
[ info ] [ VIEW ] H:\geren\tp5\public/../application/admin\view\index\index.html [ array (
) ]
[ info ] [ LOG ] INIT File
[ error ] [1]Call to undefined function captcha_img()[H:\geren\tp5\runtime\temp\997e867f9a56baba3a68623d1076151d.php:9]

---------------------------------------------------------------
[ 2017-01-13T11:37:30+08:00 ] 127.0.0.1 127.0.0.1 GET /admin
[ log ] tp5/admin [运行时间：0.045190s][吞吐率：22.13req/s] [内存消耗：1,262.62kb] [文件加载：33]
[ info ] [ LANG ] H:\geren\tp5\thinkphp\lang\zh-cn.php
[ info ] [ ROUTE ] array (
  'type' => 'module',
  'module' => 
  array (
    0 => 'admin',
    1 => NULL,
    2 => NULL,
  ),
)
[ info ] [ HEADER ] array (
  'host' => 'tp5',
  'user-agent' => 'Mozilla/5.0 (Windows NT 10.0; WOW64; rv:50.0) Gecko/20100101 Firefox/50.0',
  'accept' => 'text/html,application/xhtml+xml,application/xml;q=0.9,*/*;q=0.8',
  'accept-language' => 'zh-CN,zh;q=0.8,en-US;q=0.5,en;q=0.3',
  'accept-encoding' => 'gzip, deflate',
  'cookie' => 'pgv_pvi=8179393536',
  'connection' => 'keep-alive',
  'upgrade-insecure-requests' => '1',
  'cache-control' => 'max-age=0',
)
[ info ] [ PARAM ] array (
)
[ info ] [ RUN ] app\admin\controller\Index->index[ H:\geren\tp5\application\admin\controller\Index.php ]
[ info ] [ LOG ] INIT File

---------------------------------------------------------------
[ 2017-01-13T11:42:45+08:00 ] 127.0.0.1 127.0.0.1 GET /admin
[ log ] tp5/admin [运行时间：0.065898s][吞吐率：15.17req/s] [内存消耗：1,274.20kb] [文件加载：36]
[ info ] [ LANG ] H:\geren\tp5\thinkphp\lang\zh-cn.php
[ info ] [ ROUTE ] array (
  'type' => 'module',
  'module' => 
  array (
    0 => 'admin',
    1 => NULL,
    2 => NULL,
  ),
)
[ info ] [ HEADER ] array (
  'host' => 'tp5',
  'user-agent' => 'Mozilla/5.0 (Windows NT 10.0; WOW64; rv:50.0) Gecko/20100101 Firefox/50.0',
  'accept' => 'text/html,application/xhtml+xml,application/xml;q=0.9,*/*;q=0.8',
  'accept-language' => 'zh-CN,zh;q=0.8,en-US;q=0.5,en;q=0.3',
  'accept-encoding' => 'gzip, deflate',
  'cookie' => 'pgv_pvi=8179393536',
  'connection' => 'keep-alive',
  'upgrade-insecure-requests' => '1',
  'cache-control' => 'max-age=0',
)
[ info ] [ PARAM ] array (
)
[ info ] [ RUN ] app\admin\controller\Index->index[ H:\geren\tp5\application\admin\controller\Index.php ]
[ info ] [ LOG ] INIT File
[ error ] [8]未定义变量: imageH[H:\geren\tp5\application\admin\controller\Index.php:9]

---------------------------------------------------------------
[ 2017-01-13T11:43:01+08:00 ] 127.0.0.1 127.0.0.1 GET /admin
[ log ] tp5/admin [运行时间：0.060151s][吞吐率：16.62req/s] [内存消耗：1,262.62kb] [文件加载：33]
[ info ] [ LANG ] H:\geren\tp5\thinkphp\lang\zh-cn.php
[ info ] [ ROUTE ] array (
  'type' => 'module',
  'module' => 
  array (
    0 => 'admin',
    1 => NULL,
    2 => NULL,
  ),
)
[ info ] [ HEADER ] array (
  'host' => 'tp5',
  'user-agent' => 'Mozilla/5.0 (Windows NT 10.0; WOW64; rv:50.0) Gecko/20100101 Firefox/50.0',
  'accept' => 'text/html,application/xhtml+xml,application/xml;q=0.9,*/*;q=0.8',
  'accept-language' => 'zh-CN,zh;q=0.8,en-US;q=0.5,en;q=0.3',
  'accept-encoding' => 'gzip, deflate',
  'cookie' => 'pgv_pvi=8179393536',
  'connection' => 'keep-alive',
  'upgrade-insecure-requests' => '1',
  'cache-control' => 'max-age=0',
)
[ info ] [ PARAM ] array (
)
[ info ] [ RUN ] app\admin\controller\Index->index[ H:\geren\tp5\application\admin\controller\Index.php ]
[ info ] [ LOG ] INIT File

---------------------------------------------------------------
[ 2017-01-13T11:43:38+08:00 ] 127.0.0.1 127.0.0.1 GET /admin
[ log ] tp5/admin [运行时间：0.050304s][吞吐率：19.88req/s] [内存消耗：1,279.77kb] [文件加载：36]
[ info ] [ LANG ] H:\geren\tp5\thinkphp\lang\zh-cn.php
[ info ] [ ROUTE ] array (
  'type' => 'module',
  'module' => 
  array (
    0 => 'admin',
    1 => NULL,
    2 => NULL,
  ),
)
[ info ] [ HEADER ] array (
  'host' => 'tp5',
  'user-agent' => 'Mozilla/5.0 (Windows NT 10.0; WOW64; rv:50.0) Gecko/20100101 Firefox/50.0',
  'accept' => 'text/html,application/xhtml+xml,application/xml;q=0.9,*/*;q=0.8',
  'accept-language' => 'zh-CN,zh;q=0.8,en-US;q=0.5,en;q=0.3',
  'accept-encoding' => 'gzip, deflate',
  'cookie' => 'pgv_pvi=8179393536',
  'connection' => 'keep-alive',
  'upgrade-insecure-requests' => '1',
  'cache-control' => 'max-age=0',
)
[ info ] [ PARAM ] array (
)
[ info ] [ RUN ] app\admin\controller\Index->index[ H:\geren\tp5\application\admin\controller\Index.php ]
[ info ] [ LOG ] INIT File
[ error ] [1]Cannot use object of type yzm\Captcha as array[H:\geren\tp5\application\admin\controller\Index.php:9]

---------------------------------------------------------------
[ 2017-01-13T11:45:12+08:00 ] 127.0.0.1 127.0.0.1 GET /admin
[ log ] tp5/admin [运行时间：0.062494s][吞吐率：16.00req/s] [内存消耗：1,279.95kb] [文件加载：36]
[ info ] [ LANG ] H:\geren\tp5\thinkphp\lang\zh-cn.php
[ info ] [ ROUTE ] array (
  'type' => 'module',
  'module' => 
  array (
    0 => 'admin',
    1 => NULL,
    2 => NULL,
  ),
)
[ info ] [ HEADER ] array (
  'host' => 'tp5',
  'user-agent' => 'Mozilla/5.0 (Windows NT 10.0; WOW64; rv:50.0) Gecko/20100101 Firefox/50.0',
  'accept' => 'text/html,application/xhtml+xml,application/xml;q=0.9,*/*;q=0.8',
  'accept-language' => 'zh-CN,zh;q=0.8,en-US;q=0.5,en;q=0.3',
  'accept-encoding' => 'gzip, deflate',
  'cookie' => 'pgv_pvi=8179393536',
  'connection' => 'keep-alive',
  'upgrade-insecure-requests' => '1',
  'cache-control' => 'max-age=0',
)
[ info ] [ PARAM ] array (
)
[ info ] [ RUN ] app\admin\controller\Index->index[ H:\geren\tp5\application\admin\controller\Index.php ]
[ info ] [ LOG ] INIT File
[ error ] [1]Class 'app\admin\controller\Config' not found[H:\geren\tp5\application\admin\controller\Index.php:8]

---------------------------------------------------------------
[ 2017-01-13T11:53:14+08:00 ] 127.0.0.1 127.0.0.1 GET /admin
[ log ] tp5/admin [运行时间：0.061853s][吞吐率：16.17req/s] [内存消耗：1,224.80kb] [文件加载：35]
[ info ] [ LANG ] H:\geren\tp5\thinkphp\lang\zh-cn.php
[ info ] [ ROUTE ] array (
  'type' => 'module',
  'module' => 
  array (
    0 => 'admin',
    1 => NULL,
    2 => NULL,
  ),
)
[ info ] [ HEADER ] array (
  'host' => 'tp5',
  'user-agent' => 'Mozilla/5.0 (Windows NT 10.0; WOW64; rv:50.0) Gecko/20100101 Firefox/50.0',
  'accept' => 'text/html,application/xhtml+xml,application/xml;q=0.9,*/*;q=0.8',
  'accept-language' => 'zh-CN,zh;q=0.8,en-US;q=0.5,en;q=0.3',
  'accept-encoding' => 'gzip, deflate',
  'cookie' => 'pgv_pvi=8179393536',
  'connection' => 'keep-alive',
  'upgrade-insecure-requests' => '1',
  'cache-control' => 'max-age=0',
)
[ info ] [ PARAM ] array (
)
[ info ] [ RUN ] app\admin\controller\Index->index[ H:\geren\tp5\application\admin\controller\Index.php ]
[ info ] [ LOG ] INIT File
[ error ] [1]Class 'app\admin\controller\Captcha' not found[H:\geren\tp5\application\admin\controller\Index.php:9]

---------------------------------------------------------------
[ 2017-01-13T11:53:15+08:00 ] 127.0.0.1 127.0.0.1 GET /admin
[ log ] tp5/admin [运行时间：0.061406s][吞吐率：16.29req/s] [内存消耗：1,224.78kb] [文件加载：35]
[ info ] [ LANG ] H:\geren\tp5\thinkphp\lang\zh-cn.php
[ info ] [ ROUTE ] array (
  'type' => 'module',
  'module' => 
  array (
    0 => 'admin',
    1 => NULL,
    2 => NULL,
  ),
)
[ info ] [ HEADER ] array (
  'host' => 'tp5',
  'user-agent' => 'Mozilla/5.0 (Windows NT 10.0; WOW64; rv:50.0) Gecko/20100101 Firefox/50.0',
  'accept' => 'text/html,application/xhtml+xml,application/xml;q=0.9,*/*;q=0.8',
  'accept-language' => 'zh-CN,zh;q=0.8,en-US;q=0.5,en;q=0.3',
  'accept-encoding' => 'gzip, deflate',
  'cookie' => 'pgv_pvi=8179393536',
  'connection' => 'keep-alive',
  'upgrade-insecure-requests' => '1',
  'cache-control' => 'max-age=0',
)
[ info ] [ PARAM ] array (
)
[ info ] [ RUN ] app\admin\controller\Index->index[ H:\geren\tp5\application\admin\controller\Index.php ]
[ info ] [ LOG ] INIT File
[ error ] [1]Class 'app\admin\controller\Captcha' not found[H:\geren\tp5\application\admin\controller\Index.php:9]

---------------------------------------------------------------
[ 2017-01-13T11:53:15+08:00 ] 127.0.0.1 127.0.0.1 GET /admin
[ log ] tp5/admin [运行时间：0.062839s][吞吐率：15.91req/s] [内存消耗：1,224.78kb] [文件加载：35]
[ info ] [ LANG ] H:\geren\tp5\thinkphp\lang\zh-cn.php
[ info ] [ ROUTE ] array (
  'type' => 'module',
  'module' => 
  array (
    0 => 'admin',
    1 => NULL,
    2 => NULL,
  ),
)
[ info ] [ HEADER ] array (
  'host' => 'tp5',
  'user-agent' => 'Mozilla/5.0 (Windows NT 10.0; WOW64; rv:50.0) Gecko/20100101 Firefox/50.0',
  'accept' => 'text/html,application/xhtml+xml,application/xml;q=0.9,*/*;q=0.8',
  'accept-language' => 'zh-CN,zh;q=0.8,en-US;q=0.5,en;q=0.3',
  'accept-encoding' => 'gzip, deflate',
  'cookie' => 'pgv_pvi=8179393536',
  'connection' => 'keep-alive',
  'upgrade-insecure-requests' => '1',
  'cache-control' => 'max-age=0',
)
[ info ] [ PARAM ] array (
)
[ info ] [ RUN ] app\admin\controller\Index->index[ H:\geren\tp5\application\admin\controller\Index.php ]
[ info ] [ LOG ] INIT File
[ error ] [1]Class 'app\admin\controller\Captcha' not found[H:\geren\tp5\application\admin\controller\Index.php:9]

---------------------------------------------------------------
[ 2017-01-13T11:53:15+08:00 ] 127.0.0.1 127.0.0.1 GET /admin
[ log ] tp5/admin [运行时间：0.058715s][吞吐率：17.03req/s] [内存消耗：1,224.53kb] [文件加载：35]
[ info ] [ LANG ] H:\geren\tp5\thinkphp\lang\zh-cn.php
[ info ] [ ROUTE ] array (
  'type' => 'module',
  'module' => 
  array (
    0 => 'admin',
    1 => NULL,
    2 => NULL,
  ),
)
[ info ] [ HEADER ] array (
  'host' => 'tp5',
  'user-agent' => 'Mozilla/5.0 (Windows NT 10.0; WOW64; rv:50.0) Gecko/20100101 Firefox/50.0',
  'accept' => 'text/html,application/xhtml+xml,application/xml;q=0.9,*/*;q=0.8',
  'accept-language' => 'zh-CN,zh;q=0.8,en-US;q=0.5,en;q=0.3',
  'accept-encoding' => 'gzip, deflate',
  'cookie' => 'pgv_pvi=8179393536',
  'connection' => 'keep-alive',
  'upgrade-insecure-requests' => '1',
)
[ info ] [ PARAM ] array (
)
[ info ] [ RUN ] app\admin\controller\Index->index[ H:\geren\tp5\application\admin\controller\Index.php ]
[ info ] [ LOG ] INIT File
[ error ] [1]Class 'app\admin\controller\Captcha' not found[H:\geren\tp5\application\admin\controller\Index.php:9]

---------------------------------------------------------------
[ 2017-01-13T14:02:57+08:00 ] 127.0.0.1 127.0.0.1 GET /admin
[ log ] tp5/admin [运行时间：0.060447s][吞吐率：16.54req/s] [内存消耗：1,224.35kb] [文件加载：35]
[ info ] [ LANG ] H:\geren\tp5\thinkphp\lang\zh-cn.php
[ info ] [ ROUTE ] array (
  'type' => 'module',
  'module' => 
  array (
    0 => 'admin',
    1 => NULL,
    2 => NULL,
  ),
)
[ info ] [ HEADER ] array (
  'host' => 'tp5',
  'user-agent' => 'Mozilla/5.0 (Windows NT 10.0; WOW64; rv:50.0) Gecko/20100101 Firefox/50.0',
  'accept' => 'text/html,application/xhtml+xml,application/xml;q=0.9,*/*;q=0.8',
  'accept-language' => 'zh-CN,zh;q=0.8,en-US;q=0.5,en;q=0.3',
  'accept-encoding' => 'gzip, deflate',
  'cookie' => 'pgv_pvi=8179393536',
  'connection' => 'keep-alive',
  'upgrade-insecure-requests' => '1',
  'cache-control' => 'max-age=0',
)
[ info ] [ PARAM ] array (
)
[ info ] [ RUN ] app\admin\controller\Index->index[ H:\geren\tp5\application\admin\controller\Index.php ]
[ info ] [ LOG ] INIT File
[ error ] [1]Class 'app\admin\controller\Captcha' not found[H:\geren\tp5\application\admin\controller\Index.php:9]

---------------------------------------------------------------
[ 2017-01-13T14:03:00+08:00 ] 127.0.0.1 127.0.0.1 GET /admin
[ log ] tp5/admin [运行时间：0.052545s][吞吐率：19.03req/s] [内存消耗：1,224.28kb] [文件加载：35]
[ info ] [ LANG ] H:\geren\tp5\thinkphp\lang\zh-cn.php
[ info ] [ ROUTE ] array (
  'type' => 'module',
  'module' => 
  array (
    0 => 'admin',
    1 => NULL,
    2 => NULL,
  ),
)
[ info ] [ HEADER ] array (
  'host' => 'tp5',
  'user-agent' => 'Mozilla/5.0 (Windows NT 10.0; WOW64; rv:50.0) Gecko/20100101 Firefox/50.0',
  'accept' => 'text/html,application/xhtml+xml,application/xml;q=0.9,*/*;q=0.8',
  'accept-language' => 'zh-CN,zh;q=0.8,en-US;q=0.5,en;q=0.3',
  'accept-encoding' => 'gzip, deflate',
  'cookie' => 'pgv_pvi=8179393536',
  'connection' => 'keep-alive',
  'upgrade-insecure-requests' => '1',
  'cache-control' => 'max-age=0',
)
[ info ] [ PARAM ] array (
)
[ info ] [ RUN ] app\admin\controller\Index->index[ H:\geren\tp5\application\admin\controller\Index.php ]
[ info ] [ LOG ] INIT File
[ error ] [1]Class 'app\admin\controller\Captcha' not found[H:\geren\tp5\application\admin\controller\Index.php:9]

---------------------------------------------------------------
[ 2017-01-13T14:03:00+08:00 ] 127.0.0.1 127.0.0.1 GET /admin
[ log ] tp5/admin [运行时间：0.052211s][吞吐率：19.15req/s] [内存消耗：1,224.28kb] [文件加载：35]
[ info ] [ LANG ] H:\geren\tp5\thinkphp\lang\zh-cn.php
[ info ] [ ROUTE ] array (
  'type' => 'module',
  'module' => 
  array (
    0 => 'admin',
    1 => NULL,
    2 => NULL,
  ),
)
[ info ] [ HEADER ] array (
  'host' => 'tp5',
  'user-agent' => 'Mozilla/5.0 (Windows NT 10.0; WOW64; rv:50.0) Gecko/20100101 Firefox/50.0',
  'accept' => 'text/html,application/xhtml+xml,application/xml;q=0.9,*/*;q=0.8',
  'accept-language' => 'zh-CN,zh;q=0.8,en-US;q=0.5,en;q=0.3',
  'accept-encoding' => 'gzip, deflate',
  'cookie' => 'pgv_pvi=8179393536',
  'connection' => 'keep-alive',
  'upgrade-insecure-requests' => '1',
  'cache-control' => 'max-age=0',
)
[ info ] [ PARAM ] array (
)
[ info ] [ RUN ] app\admin\controller\Index->index[ H:\geren\tp5\application\admin\controller\Index.php ]
[ info ] [ LOG ] INIT File
[ error ] [1]Class 'app\admin\controller\Captcha' not found[H:\geren\tp5\application\admin\controller\Index.php:9]

---------------------------------------------------------------
[ 2017-01-13T14:03:01+08:00 ] 127.0.0.1 127.0.0.1 GET /admin
[ log ] tp5/admin [运行时间：0.063404s][吞吐率：15.77req/s] [内存消耗：1,224.28kb] [文件加载：35]
[ info ] [ LANG ] H:\geren\tp5\thinkphp\lang\zh-cn.php
[ info ] [ ROUTE ] array (
  'type' => 'module',
  'module' => 
  array (
    0 => 'admin',
    1 => NULL,
    2 => NULL,
  ),
)
[ info ] [ HEADER ] array (
  'host' => 'tp5',
  'user-agent' => 'Mozilla/5.0 (Windows NT 10.0; WOW64; rv:50.0) Gecko/20100101 Firefox/50.0',
  'accept' => 'text/html,application/xhtml+xml,application/xml;q=0.9,*/*;q=0.8',
  'accept-language' => 'zh-CN,zh;q=0.8,en-US;q=0.5,en;q=0.3',
  'accept-encoding' => 'gzip, deflate',
  'cookie' => 'pgv_pvi=8179393536',
  'connection' => 'keep-alive',
  'upgrade-insecure-requests' => '1',
  'cache-control' => 'max-age=0',
)
[ info ] [ PARAM ] array (
)
[ info ] [ RUN ] app\admin\controller\Index->index[ H:\geren\tp5\application\admin\controller\Index.php ]
[ info ] [ LOG ] INIT File
[ error ] [1]Class 'app\admin\controller\Captcha' not found[H:\geren\tp5\application\admin\controller\Index.php:9]

---------------------------------------------------------------
[ 2017-01-13T14:03:01+08:00 ] 127.0.0.1 127.0.0.1 GET /admin
[ log ] tp5/admin [运行时间：0.047115s][吞吐率：21.22req/s] [内存消耗：1,224.28kb] [文件加载：35]
[ info ] [ LANG ] H:\geren\tp5\thinkphp\lang\zh-cn.php
[ info ] [ ROUTE ] array (
  'type' => 'module',
  'module' => 
  array (
    0 => 'admin',
    1 => NULL,
    2 => NULL,
  ),
)
[ info ] [ HEADER ] array (
  'host' => 'tp5',
  'user-agent' => 'Mozilla/5.0 (Windows NT 10.0; WOW64; rv:50.0) Gecko/20100101 Firefox/50.0',
  'accept' => 'text/html,application/xhtml+xml,application/xml;q=0.9,*/*;q=0.8',
  'accept-language' => 'zh-CN,zh;q=0.8,en-US;q=0.5,en;q=0.3',
  'accept-encoding' => 'gzip, deflate',
  'cookie' => 'pgv_pvi=8179393536',
  'connection' => 'keep-alive',
  'upgrade-insecure-requests' => '1',
  'cache-control' => 'max-age=0',
)
[ info ] [ PARAM ] array (
)
[ info ] [ RUN ] app\admin\controller\Index->index[ H:\geren\tp5\application\admin\controller\Index.php ]
[ info ] [ LOG ] INIT File
[ error ] [1]Class 'app\admin\controller\Captcha' not found[H:\geren\tp5\application\admin\controller\Index.php:9]

---------------------------------------------------------------
[ 2017-01-13T14:03:01+08:00 ] 127.0.0.1 127.0.0.1 GET /admin
[ log ] tp5/admin [运行时间：0.045492s][吞吐率：21.98req/s] [内存消耗：1,224.08kb] [文件加载：35]
[ info ] [ LANG ] H:\geren\tp5\thinkphp\lang\zh-cn.php
[ info ] [ ROUTE ] array (
  'type' => 'module',
  'module' => 
  array (
    0 => 'admin',
    1 => NULL,
    2 => NULL,
  ),
)
[ info ] [ HEADER ] array (
  'host' => 'tp5',
  'user-agent' => 'Mozilla/5.0 (Windows NT 10.0; WOW64; rv:50.0) Gecko/20100101 Firefox/50.0',
  'accept' => 'text/html,application/xhtml+xml,application/xml;q=0.9,*/*;q=0.8',
  'accept-language' => 'zh-CN,zh;q=0.8,en-US;q=0.5,en;q=0.3',
  'accept-encoding' => 'gzip, deflate',
  'cookie' => 'pgv_pvi=8179393536',
  'connection' => 'keep-alive',
  'upgrade-insecure-requests' => '1',
)
[ info ] [ PARAM ] array (
)
[ info ] [ RUN ] app\admin\controller\Index->index[ H:\geren\tp5\application\admin\controller\Index.php ]
[ info ] [ LOG ] INIT File
[ error ] [1]Class 'app\admin\controller\Captcha' not found[H:\geren\tp5\application\admin\controller\Index.php:9]

---------------------------------------------------------------
[ 2017-01-13T14:03:01+08:00 ] 127.0.0.1 127.0.0.1 GET /admin
[ log ] tp5/admin [运行时间：0.050235s][吞吐率：19.91req/s] [内存消耗：1,224.28kb] [文件加载：35]
[ info ] [ LANG ] H:\geren\tp5\thinkphp\lang\zh-cn.php
[ info ] [ ROUTE ] array (
  'type' => 'module',
  'module' => 
  array (
    0 => 'admin',
    1 => NULL,
    2 => NULL,
  ),
)
[ info ] [ HEADER ] array (
  'host' => 'tp5',
  'user-agent' => 'Mozilla/5.0 (Windows NT 10.0; WOW64; rv:50.0) Gecko/20100101 Firefox/50.0',
  'accept' => 'text/html,application/xhtml+xml,application/xml;q=0.9,*/*;q=0.8',
  'accept-language' => 'zh-CN,zh;q=0.8,en-US;q=0.5,en;q=0.3',
  'accept-encoding' => 'gzip, deflate',
  'cookie' => 'pgv_pvi=8179393536',
  'connection' => 'keep-alive',
  'upgrade-insecure-requests' => '1',
  'cache-control' => 'max-age=0',
)
[ info ] [ PARAM ] array (
)
[ info ] [ RUN ] app\admin\controller\Index->index[ H:\geren\tp5\application\admin\controller\Index.php ]
[ info ] [ LOG ] INIT File
[ error ] [1]Class 'app\admin\controller\Captcha' not found[H:\geren\tp5\application\admin\controller\Index.php:9]

---------------------------------------------------------------
[ 2017-01-13T14:09:08+08:00 ] 127.0.0.1 127.0.0.1 GET /admin
[ log ] tp5/admin [运行时间：0.058616s][吞吐率：17.06req/s] [内存消耗：1,224.23kb] [文件加载：35]
[ info ] [ LANG ] H:\geren\tp5\thinkphp\lang\zh-cn.php
[ info ] [ ROUTE ] array (
  'type' => 'module',
  'module' => 
  array (
    0 => 'admin',
    1 => NULL,
    2 => NULL,
  ),
)
[ info ] [ HEADER ] array (
  'host' => 'tp5',
  'user-agent' => 'Mozilla/5.0 (Windows NT 10.0; WOW64; rv:50.0) Gecko/20100101 Firefox/50.0',
  'accept' => 'text/html,application/xhtml+xml,application/xml;q=0.9,*/*;q=0.8',
  'accept-language' => 'zh-CN,zh;q=0.8,en-US;q=0.5,en;q=0.3',
  'accept-encoding' => 'gzip, deflate',
  'cookie' => 'pgv_pvi=8179393536',
  'connection' => 'keep-alive',
  'upgrade-insecure-requests' => '1',
  'cache-control' => 'max-age=0',
)
[ info ] [ PARAM ] array (
)
[ info ] [ RUN ] app\admin\controller\Index->index[ H:\geren\tp5\application\admin\controller\Index.php ]
[ info ] [ LOG ] INIT File
[ error ] [1]Class 'Captcha' not found[H:\geren\tp5\application\admin\controller\Index.php:9]

---------------------------------------------------------------
