[ 2017-03-28T16:19:46+08:00 ] 127.0.0.1 127.0.0.1 GET /
[ log ] tp5/ [运行时间：0.069396s][吞吐率：14.41req/s] [内存消耗：910.92kb] [文件加载：25]
[ info ] [ LANG ] H:\geren\tp5\thinkphp\lang\zh-cn.php
[ info ] [ ROUTE ] array (
  'type' => 'module',
  'module' => 
  array (
    0 => '',
    1 => NULL,
    2 => NULL,
  ),
)
[ info ] [ HEADER ] array (
  'host' => 'tp5',
  'connection' => 'keep-alive',
  'upgrade-insecure-requests' => '1',
  'user-agent' => 'Mozilla/5.0 (Windows NT 10.0; Win64; x64) AppleWebKit/537.36 (KHTML, like Gecko) Chrome/56.0.2924.87 Safari/537.36',
  'accept' => 'text/html,application/xhtml+xml,application/xml;q=0.9,image/webp,*/*;q=0.8',
  'accept-encoding' => 'gzip, deflate, sdch',
  'accept-language' => 'zh-CN,zh;q=0.8',
)
[ info ] [ PARAM ] array (
)
[ info ] [ RUN ] app\index\controller\Index->index[ H:\geren\tp5\application\index\controller\Index.php ]
[ info ] [ LOG ] INIT File

---------------------------------------------------------------
[ 2017-03-28T16:19:46+08:00 ] 127.0.0.1 127.0.0.1 GET /favicon.ico
[ log ] tp5/favicon.ico [运行时间：0.081029s][吞吐率：12.34req/s] [内存消耗：944.42kb] [文件加载：27]
[ info ] [ LANG ] H:\geren\tp5\thinkphp\lang\zh-cn.php
[ info ] [ ROUTE ] array (
  'type' => 'module',
  'module' => 
  array (
    0 => 'favicon.ico',
    1 => NULL,
    2 => NULL,
  ),
)
[ info ] [ HEADER ] array (
  'host' => 'tp5',
  'connection' => 'keep-alive',
  'user-agent' => 'Mozilla/5.0 (Windows NT 10.0; Win64; x64) AppleWebKit/537.36 (KHTML, like Gecko) Chrome/56.0.2924.87 Safari/537.36',
  'accept' => 'image/webp,image/*,*/*;q=0.8',
  'referer' => 'http://tp5/',
  'accept-encoding' => 'gzip, deflate, sdch',
  'accept-language' => 'zh-CN,zh;q=0.8',
)
[ info ] [ PARAM ] array (
)
[ info ] [ LOG ] INIT File

---------------------------------------------------------------
[ 2017-03-28T16:19:52+08:00 ] 127.0.0.1 127.0.0.1 GET /index/index/add
[ log ] tp5/index/index/add [运行时间：0.057720s][吞吐率：17.32req/s] [内存消耗：945.91kb] [文件加载：28]
[ info ] [ LANG ] H:\geren\tp5\thinkphp\lang\zh-cn.php
[ info ] [ ROUTE ] array (
  'type' => 'module',
  'module' => 
  array (
    0 => 'index',
    1 => 'index',
    2 => 'add',
  ),
)
[ info ] [ HEADER ] array (
  'host' => 'tp5',
  'connection' => 'keep-alive',
  'upgrade-insecure-requests' => '1',
  'user-agent' => 'Mozilla/5.0 (Windows NT 10.0; Win64; x64) AppleWebKit/537.36 (KHTML, like Gecko) Chrome/56.0.2924.87 Safari/537.36',
  'accept' => 'text/html,application/xhtml+xml,application/xml;q=0.9,image/webp,*/*;q=0.8',
  'accept-encoding' => 'gzip, deflate, sdch',
  'accept-language' => 'zh-CN,zh;q=0.8',
)
[ info ] [ PARAM ] array (
)
[ info ] [ LOG ] INIT File

---------------------------------------------------------------
[ 2017-03-28T16:20:20+08:00 ] 127.0.0.1 127.0.0.1 GET /admin/index/add
[ log ] tp5/admin/index/add [运行时间：0.082742s][吞吐率：12.09req/s] [内存消耗：1,174.19kb] [文件加载：31]
[ info ] [ LANG ] H:\geren\tp5\thinkphp\lang\zh-cn.php
[ info ] [ ROUTE ] array (
  'type' => 'module',
  'module' => 
  array (
    0 => 'admin',
    1 => 'index',
    2 => 'add',
  ),
)
[ info ] [ HEADER ] array (
  'host' => 'tp5',
  'connection' => 'keep-alive',
  'upgrade-insecure-requests' => '1',
  'user-agent' => 'Mozilla/5.0 (Windows NT 10.0; Win64; x64) AppleWebKit/537.36 (KHTML, like Gecko) Chrome/56.0.2924.87 Safari/537.36',
  'accept' => 'text/html,application/xhtml+xml,application/xml;q=0.9,image/webp,*/*;q=0.8',
  'accept-encoding' => 'gzip, deflate, sdch',
  'accept-language' => 'zh-CN,zh;q=0.8',
)
[ info ] [ PARAM ] array (
)
[ info ] [ RUN ] app\admin\controller\Index->add[ H:\geren\tp5\application\admin\controller\Index.php ]
[ info ] [ LOG ] INIT File

---------------------------------------------------------------
